[debug] [2025-12-31T21:37:07.749Z] ----------------------------------------------------------------------
[debug] [2025-12-31T21:37:07.752Z] Command:       C:\Program Files\nodejs\node.exe C:\Users\carlf\AppData\Roaming\npm\node_modules\firebase-tools\lib\bin\firebase.js deploy
[debug] [2025-12-31T21:37:07.752Z] CLI Version:   14.26.0
[debug] [2025-12-31T21:37:07.752Z] Platform:      win32
[debug] [2025-12-31T21:37:07.752Z] Node Version:  v22.18.0
[debug] [2025-12-31T21:37:07.753Z] Time:          Wed Dec 31 2025 16:37:07 GMT-0500 (Eastern Standard Time)
[debug] [2025-12-31T21:37:07.753Z] ----------------------------------------------------------------------
[debug] 
[debug] [2025-12-31T21:37:07.755Z] >>> [apiv2][query] GET https://firebase-public.firebaseio.com/cli.json [none]
[debug] [2025-12-31T21:37:07.978Z] > command requires scopes: ["email","openid","https://www.googleapis.com/auth/cloudplatformprojects.readonly","https://www.googleapis.com/auth/firebase","https://www.googleapis.com/auth/cloud-platform"]
[debug] [2025-12-31T21:37:07.978Z] > authorizing via signed-in user (carlfarring@gmail.com)
[debug] [2025-12-31T21:37:07.978Z] [iam] checking project gen-lang-client-0242565142 for permissions ["firebase.projects.get","firebasehosting.sites.update","firebaserules.releases.create","firebaserules.releases.update","firebaserules.rulesets.create"]
[debug] [2025-12-31T21:37:07.979Z] Checked if tokens are valid: false, expires at: 1767187282987
[debug] [2025-12-31T21:37:07.979Z] Checked if tokens are valid: false, expires at: 1767187282987
[debug] [2025-12-31T21:37:07.979Z] > refreshing access token with scopes: []
[debug] [2025-12-31T21:37:07.980Z] >>> [apiv2][query] POST https://www.googleapis.com/oauth2/v3/token [none]
[debug] [2025-12-31T21:37:07.980Z] >>> [apiv2][body] POST https://www.googleapis.com/oauth2/v3/token [omitted]
[debug] [2025-12-31T21:37:08.199Z] <<< [apiv2][status] POST https://www.googleapis.com/oauth2/v3/token 200
[debug] [2025-12-31T21:37:08.199Z] <<< [apiv2][body] POST https://www.googleapis.com/oauth2/v3/token [omitted]
[debug] [2025-12-31T21:37:08.209Z] >>> [apiv2][query] POST https://cloudresourcemanager.googleapis.com/v1/projects/gen-lang-client-0242565142:testIamPermissions [none]
[debug] [2025-12-31T21:37:08.209Z] >>> [apiv2][(partial)header] POST https://cloudresourcemanager.googleapis.com/v1/projects/gen-lang-client-0242565142:testIamPermissions x-goog-quota-user=projects/gen-lang-client-0242565142
[debug] [2025-12-31T21:37:08.209Z] >>> [apiv2][body] POST https://cloudresourcemanager.googleapis.com/v1/projects/gen-lang-client-0242565142:testIamPermissions {"permissions":["firebase.projects.get","firebasehosting.sites.update","firebaserules.releases.create","firebaserules.releases.update","firebaserules.rulesets.create"]}
[debug] [2025-12-31T21:37:08.231Z] <<< [apiv2][status] GET https://firebase-public.firebaseio.com/cli.json 200
[debug] [2025-12-31T21:37:08.231Z] <<< [apiv2][body] GET https://firebase-public.firebaseio.com/cli.json {"cloudBuildErrorAfter":1594252800000,"cloudBuildWarnAfter":1590019200000,"defaultNode10After":1594252800000,"minVersion":"3.0.5","node8DeploysDisabledAfter":1613390400000,"node8RuntimeDisabledAfter":1615809600000,"node8WarnAfter":1600128000000}
[debug] [2025-12-31T21:37:08.562Z] <<< [apiv2][status] POST https://cloudresourcemanager.googleapis.com/v1/projects/gen-lang-client-0242565142:testIamPermissions 200
[debug] [2025-12-31T21:37:08.562Z] <<< [apiv2][body] POST https://cloudresourcemanager.googleapis.com/v1/projects/gen-lang-client-0242565142:testIamPermissions {"permissions":["firebase.projects.get","firebasehosting.sites.update","firebaserules.releases.create","firebaserules.releases.update","firebaserules.rulesets.create"]}
[debug] [2025-12-31T21:37:08.562Z] Checked if tokens are valid: true, expires at: 1767220627199
[debug] [2025-12-31T21:37:08.562Z] Checked if tokens are valid: true, expires at: 1767220627199
[debug] [2025-12-31T21:37:08.563Z] >>> [apiv2][query] GET https://firebase.googleapis.com/v1beta1/projects/gen-lang-client-0242565142 [none]
[debug] [2025-12-31T21:37:08.917Z] <<< [apiv2][status] GET https://firebase.googleapis.com/v1beta1/projects/gen-lang-client-0242565142 200
[debug] [2025-12-31T21:37:08.917Z] <<< [apiv2][body] GET https://firebase.googleapis.com/v1beta1/projects/gen-lang-client-0242565142 {"projectId":"gen-lang-client-0242565142","projectNumber":"976122475870","displayName":"FDLLC","name":"projects/gen-lang-client-0242565142","resources":{"hostingSite":"gen-lang-client-0242565142"},"state":"ACTIVE","etag":"1_f5ec1035-c282-45b1-9a4b-00fd1621a60b"}
[debug] [2025-12-31T21:37:11.068Z] Checked if tokens are valid: true, expires at: 1767220627199
[debug] [2025-12-31T21:37:11.068Z] Checked if tokens are valid: true, expires at: 1767220627199
[debug] [2025-12-31T21:37:11.069Z] >>> [apiv2][query] GET https://firebasehosting.googleapis.com/v1beta1/projects/gen-lang-client-0242565142/sites pageToken=&pageSize=10
[debug] [2025-12-31T21:37:11.630Z] <<< [apiv2][status] GET https://firebasehosting.googleapis.com/v1beta1/projects/gen-lang-client-0242565142/sites 200
[debug] [2025-12-31T21:37:11.630Z] <<< [apiv2][body] GET https://firebasehosting.googleapis.com/v1beta1/projects/gen-lang-client-0242565142/sites {"sites":[{"name":"projects/gen-lang-client-0242565142/sites/gen-lang-client-0242565142","defaultUrl":"https://gen-lang-client-0242565142.web.app","type":"DEFAULT_SITE"}]}
[debug] [2025-12-31T21:37:11.631Z] Checked if tokens are valid: true, expires at: 1767220627199
[debug] [2025-12-31T21:37:11.631Z] Checked if tokens are valid: true, expires at: 1767220627199
[debug] [2025-12-31T21:37:11.631Z] >>> [apiv2][query] GET https://firebasehosting.googleapis.com/v1beta1/projects/gen-lang-client-0242565142/sites 
[debug] [2025-12-31T21:37:11.820Z] <<< [apiv2][status] GET https://firebasehosting.googleapis.com/v1beta1/projects/gen-lang-client-0242565142/sites 200
[debug] [2025-12-31T21:37:11.820Z] <<< [apiv2][body] GET https://firebasehosting.googleapis.com/v1beta1/projects/gen-lang-client-0242565142/sites {"sites":[{"name":"projects/gen-lang-client-0242565142/sites/gen-lang-client-0242565142","defaultUrl":"https://gen-lang-client-0242565142.web.app","type":"DEFAULT_SITE"}]}
[debug] [2025-12-31T21:37:11.820Z] Checked if tokens are valid: true, expires at: 1767220627199
[debug] [2025-12-31T21:37:11.820Z] Checked if tokens are valid: true, expires at: 1767220627199
[debug] [2025-12-31T21:37:11.820Z] >>> [apiv2][query] GET https://firebase.googleapis.com/v1beta1/projects/gen-lang-client-0242565142/webApps/-/config [none]
[debug] [2025-12-31T21:37:12.183Z] <<< [apiv2][status] GET https://firebase.googleapis.com/v1beta1/projects/gen-lang-client-0242565142/webApps/-/config 200
[debug] [2025-12-31T21:37:12.183Z] <<< [apiv2][body] GET https://firebase.googleapis.com/v1beta1/projects/gen-lang-client-0242565142/webApps/-/config {"projectId":"gen-lang-client-0242565142","appId":"1:976122475870:web:6deaf0e9aeabc1a72f8bcf","storageBucket":"gen-lang-client-0242565142.firebasestorage.app","apiKey":"AIzaSyCceXv2nP5B0dE6VvU5q8y6GnRUMSx00-8","authDomain":"gen-lang-client-0242565142.firebaseapp.com","messagingSenderId":"976122475870","measurementId":"G-1GCRZ4QNVG","projectNumber":"976122475870","version":"2"}
[info] 
   Thank you for trying our early preview of Next.js support on Firebase Hosting.
   During the preview, support is best-effort and breaking changes can be expected. Proceed with caution.
   The integration is known to work with Next.js version 12 - 15.0. You may encounter errors.

   Documentation: https://firebase.google.com/docs/hosting/frameworks/nextjs
   File a bug: https://github.com/firebase/firebase-tools/issues/new?template=bug_report.md
   Submit a feature request: https://github.com/firebase/firebase-tools/issues/new?template=feature_request.md

   We'd love to learn from you. Express your interest in helping us shape the future of Firebase Hosting: https://goo.gle/41enW5X

[debug] [2025-12-31T21:37:17.298Z] Checked if tokens are valid: true, expires at: 1767220627199
[debug] [2025-12-31T21:37:17.298Z] Checked if tokens are valid: true, expires at: 1767220627199
[debug] [2025-12-31T21:37:17.298Z] >>> [apiv2][query] GET https://firebasehosting.googleapis.com/v1beta1/projects/gen-lang-client-0242565142/sites/gen-lang-client-0242565142 [none]
[debug] [2025-12-31T21:37:17.690Z] <<< [apiv2][status] GET https://firebasehosting.googleapis.com/v1beta1/projects/gen-lang-client-0242565142/sites/gen-lang-client-0242565142 200
[debug] [2025-12-31T21:37:17.691Z] <<< [apiv2][body] GET https://firebasehosting.googleapis.com/v1beta1/projects/gen-lang-client-0242565142/sites/gen-lang-client-0242565142 {"name":"projects/gen-lang-client-0242565142/sites/gen-lang-client-0242565142","defaultUrl":"https://gen-lang-client-0242565142.web.app","type":"DEFAULT_SITE"}
[info] ⚠ Warning: Next.js inferred your workspace root, but it may not be correct.
 We detected multiple lockfiles and selected the directory of c:\dev\package-lock.json as the root directory.
 To silence this warning, set `turbopack.root` in your Next.js config, or consider removing one of the lockfiles if it's not needed.
   See https://nextjs.org/docs/app/api-reference/config/next-config-js/turbopack#root-directory for more information.
 Detected additional lockfiles: 
   * c:\dev\wnct-next\package-lock.json


[info] ▲ Next.js 16.1.0 (Turbopack)

[info] - Environments: .env.local


[info]   Creating an optimized production build ...

[info] ✓ Compiled successfully in 6.1s

[info]   Running TypeScript ...

[info] Failed to compile.


[info] ./src/app/admin/page.tsx:893:27
Type error: Cannot find name 'user'. Did you mean 'users'?

  891 |                   content: '',
  892 |                   excerpt: '',
> 893 |                   author: user?.displayName || user?.email || 'Staff Writer',
      |                           ^
  894 |                   category: 'News',
  895 |                   status: 'draft',
  896 |                   featuredImage: '',

[info] Next.js build worker exited with code: 1 and signal: null

[debug] [2025-12-31T21:37:31.002Z] Error: ENOENT: no such file or directory, open 'c:\dev\wnct-next\.next\export-marker.json'
[error] 
[error] Error: An unexpected error has occurred.
