
> wnct-next@0.1.0 dev
> next dev

▲ Next.js 16.1.0 (Turbopack)
- Local:         http://localhost:3000
- Network:       http://192.168.0.2:3000

✓ Starting...
✓ Ready in 1122ms
Firebase initialization failed. This is expected during build if env vars are missing. Error [FirebaseError]: Firebase: Error (auth/invalid-api-key).
    at module evaluation (src/lib/firebase.ts:23:17)
    at module evaluation (src/context/AuthContext.tsx:5:1)
  21 |   app = getApps().length === 0 ? initializeApp(firebaseConfig) : getApps()[0];
  22 |   db = getFirestore(app, 'gwnct');
> 23 |   auth = getAuth(app);
     |                 ^
  24 | } catch (error) {
  25 |   console.error("Firebase initialization failed. This is expected during build if env vars are missing.", error);
  26 |   // Mock objects for build time or test time if needed {
  code: 'auth/invalid-api-key',
  customData: [Object]
}
 GET / 200 in 4.8s (compile: 3.0s, render: 1739ms)
 GET /admin/articles 200 in 268ms (compile: 191ms, render: 77ms)
